<?xml version="1.0" encoding="UTF-8"?>
<testsuite xmlns:xsi="http://www.w3.org/2001/XMLSchema-instance" xsi:noNamespaceSchemaLocation="https://maven.apache.org/surefire/maven-surefire-plugin/xsd/surefire-test-report-3.0.xsd" version="3.0" name="com.qa.test.testngclass" time="0.621" tests="3" errors="0" skipped="0" failures="0">
  <properties>
    <property name="sun.desktop" value="windows"/>
    <property name="awt.toolkit" value="sun.awt.windows.WToolkit"/>
    <property name="java.specification.version" value="11"/>
    <property name="sun.cpu.isalist" value="amd64"/>
    <property name="sun.jnu.encoding" value="Cp1252"/>
    <property name="java.class.path" value="D:\Gourav\Personal\Automation\DemoProject\target\test-classes;D:\Gourav\Personal\Automation\DemoProject\target\classes;C:\Users\goshriva\.m2\repository\org\seleniumhq\selenium\selenium-server\3.14.0\selenium-server-3.14.0.jar;C:\Users\goshriva\.m2\repository\org\seleniumhq\selenium\selenium-java\3.14.0\selenium-java-3.14.0.jar;C:\Users\goshriva\.m2\repository\org\seleniumhq\selenium\selenium-api\3.14.0\selenium-api-3.14.0.jar;C:\Users\goshriva\.m2\repository\org\seleniumhq\selenium\selenium-chrome-driver\3.14.0\selenium-chrome-driver-3.14.0.jar;C:\Users\goshriva\.m2\repository\org\seleniumhq\selenium\selenium-edge-driver\3.14.0\selenium-edge-driver-3.14.0.jar;C:\Users\goshriva\.m2\repository\org\seleniumhq\selenium\selenium-firefox-driver\3.14.0\selenium-firefox-driver-3.14.0.jar;C:\Users\goshriva\.m2\repository\org\seleniumhq\selenium\selenium-ie-driver\3.14.0\selenium-ie-driver-3.14.0.jar;C:\Users\goshriva\.m2\repository\org\seleniumhq\selenium\selenium-opera-driver\3.14.0\selenium-opera-driver-3.14.0.jar;C:\Users\goshriva\.m2\repository\org\seleniumhq\selenium\selenium-remote-driver\3.14.0\selenium-remote-driver-3.14.0.jar;C:\Users\goshriva\.m2\repository\org\seleniumhq\selenium\selenium-safari-driver\3.14.0\selenium-safari-driver-3.14.0.jar;C:\Users\goshriva\.m2\repository\org\seleniumhq\selenium\selenium-support\3.14.0\selenium-support-3.14.0.jar;C:\Users\goshriva\.m2\repository\com\beust\jcommander\1.72\jcommander-1.72.jar;C:\Users\goshriva\.m2\repository\net\bytebuddy\byte-buddy\1.8.15\byte-buddy-1.8.15.jar;C:\Users\goshriva\.m2\repository\org\apache\commons\commons-exec\1.3\commons-exec-1.3.jar;C:\Users\goshriva\.m2\repository\org\apache\commons\commons-lang3\3.7\commons-lang3-3.7.jar;C:\Users\goshriva\.m2\repository\org\apache\commons\commons-text\1.1\commons-text-1.1.jar;C:\Users\goshriva\.m2\repository\commons-codec\commons-codec\1.10\commons-codec-1.10.jar;C:\Users\goshriva\.m2\repository\commons-io\commons-io\2.6\commons-io-2.6.jar;C:\Users\goshriva\.m2\repository\commons-logging\commons-logging\1.2\commons-logging-1.2.jar;C:\Users\goshriva\.m2\repository\commons-net\commons-net\3.6\commons-net-3.6.jar;C:\Users\goshriva\.m2\repository\com\google\guava\guava\25.0-jre\guava-25.0-jre.jar;C:\Users\goshriva\.m2\repository\com\google\code\findbugs\jsr305\1.3.9\jsr305-1.3.9.jar;C:\Users\goshriva\.m2\repository\org\checkerframework\checker-compat-qual\2.0.0\checker-compat-qual-2.0.0.jar;C:\Users\goshriva\.m2\repository\com\google\errorprone\error_prone_annotations\2.1.3\error_prone_annotations-2.1.3.jar;C:\Users\goshriva\.m2\repository\com\google\j2objc\j2objc-annotations\1.1\j2objc-annotations-1.1.jar;C:\Users\goshriva\.m2\repository\org\codehaus\mojo\animal-sniffer-annotations\1.14\animal-sniffer-annotations-1.14.jar;C:\Users\goshriva\.m2\repository\net\sourceforge\htmlunit\htmlunit\2.30\htmlunit-2.30.jar;C:\Users\goshriva\.m2\repository\net\sourceforge\htmlunit\htmlunit-core-js\2.28\htmlunit-core-js-2.28.jar;C:\Users\goshriva\.m2\repository\net\sourceforge\htmlunit\htmlunit-cssparser\1.0.0\htmlunit-cssparser-1.0.0.jar;C:\Users\goshriva\.m2\repository\net\sourceforge\htmlunit\neko-htmlunit\2.30\neko-htmlunit-2.30.jar;C:\Users\goshriva\.m2\repository\org\apache\httpcomponents\httpclient\4.5.5\httpclient-4.5.5.jar;C:\Users\goshriva\.m2\repository\org\apache\httpcomponents\httpcore\4.4.9\httpcore-4.4.9.jar;C:\Users\goshriva\.m2\repository\org\apache\httpcomponents\httpmime\4.5.5\httpmime-4.5.5.jar;C:\Users\goshriva\.m2\repository\net\jcip\jcip-annotations\1.0\jcip-annotations-1.0.jar;C:\Users\goshriva\.m2\repository\org\seleniumhq\selenium\jetty-repacked\9.4.8.v20180619\jetty-repacked-9.4.8.v20180619.jar;C:\Users\goshriva\.m2\repository\org\eclipse\jetty\jetty-client\9.4.8.v20180619\jetty-client-9.4.8.v20180619.jar;C:\Users\goshriva\.m2\repository\org\eclipse\jetty\jetty-http\9.4.8.v20180619\jetty-http-9.4.8.v20180619.jar;C:\Users\goshriva\.m2\repository\org\eclipse\jetty\jetty-io\9.4.8.v20180619\jetty-io-9.4.8.v20180619.jar;C:\Users\goshriva\.m2\repository\org\eclipse\jetty\jetty-util\9.4.8.v20180619\jetty-util-9.4.8.v20180619.jar;C:\Users\goshriva\.m2\repository\org\eclipse\jetty\jetty-xml\9.4.8.v20180619\jetty-xml-9.4.8.v20180619.jar;C:\Users\goshriva\.m2\repository\com\squareup\okhttp3\okhttp\3.10.0\okhttp-3.10.0.jar;C:\Users\goshriva\.m2\repository\com\squareup\okio\okio\1.14.1\okio-1.14.1.jar;C:\Users\goshriva\.m2\repository\org\seleniumhq\selenium\htmlunit-driver\2.30.0\htmlunit-driver-2.30.0.jar;C:\Users\goshriva\.m2\repository\javax\servlet\javax.servlet-api\3.1.0\javax.servlet-api-3.1.0.jar;C:\Users\goshriva\.m2\repository\org\eclipse\jetty\websocket\websocket-api\9.4.8.v20180619\websocket-api-9.4.8.v20180619.jar;C:\Users\goshriva\.m2\repository\org\eclipse\jetty\websocket\websocket-client\9.4.8.v20180619\websocket-client-9.4.8.v20180619.jar;C:\Users\goshriva\.m2\repository\org\eclipse\jetty\websocket\websocket-common\9.4.8.v20180619\websocket-common-9.4.8.v20180619.jar;C:\Users\goshriva\.m2\repository\xalan\serializer\2.7.2\serializer-2.7.2.jar;C:\Users\goshriva\.m2\repository\xalan\xalan\2.7.2\xalan-2.7.2.jar;C:\Users\goshriva\.m2\repository\xerces\xercesImpl\2.11.0\xercesImpl-2.11.0.jar;C:\Users\goshriva\.m2\repository\xml-apis\xml-apis\1.4.01\xml-apis-1.4.01.jar;C:\Users\goshriva\.m2\repository\org\yaml\snakeyaml\1.19\snakeyaml-1.19.jar;C:\Users\goshriva\.m2\repository\org\testng\testng\6.14.3\testng-6.14.3.jar;C:\Users\goshriva\.m2\repository\org\apache-extras\beanshell\bsh\2.0b6\bsh-2.0b6.jar;C:\Users\goshriva\.m2\repository\io\cucumber\cucumber-junit\5.0.0-RC4\cucumber-junit-5.0.0-RC4.jar;C:\Users\goshriva\.m2\repository\org\apiguardian\apiguardian-api\1.1.0\apiguardian-api-1.1.0.jar;C:\Users\goshriva\.m2\repository\junit\junit\4.12\junit-4.12.jar;C:\Users\goshriva\.m2\repository\org\hamcrest\hamcrest-core\1.3\hamcrest-core-1.3.jar;C:\Users\goshriva\.m2\repository\io\cucumber\cucumber-java\5.0.0-RC4\cucumber-java-5.0.0-RC4.jar;C:\Users\goshriva\.m2\repository\io\cucumber\cucumber-core\5.0.0-RC4\cucumber-core-5.0.0-RC4.jar;C:\Users\goshriva\.m2\repository\io\cucumber\cucumber-gherkin\5.0.0-RC4\cucumber-gherkin-5.0.0-RC4.jar;C:\Users\goshriva\.m2\repository\io\cucumber\cucumber-gherkin-vintage\5.0.0-RC4\cucumber-gherkin-vintage-5.0.0-RC4.jar;C:\Users\goshriva\.m2\repository\io\cucumber\tag-expressions\2.0.2\tag-expressions-2.0.2.jar;C:\Users\goshriva\.m2\repository\io\cucumber\cucumber-expressions\8.2.1\cucumber-expressions-8.2.1.jar;C:\Users\goshriva\.m2\repository\io\cucumber\datatable\3.1.0\datatable-3.1.0.jar;C:\Users\goshriva\.m2\repository\io\cucumber\cucumber-plugin\5.0.0-RC4\cucumber-plugin-5.0.0-RC4.jar;C:\Users\goshriva\.m2\repository\io\cucumber\docstring\5.0.0-RC4\docstring-5.0.0-RC4.jar;"/>
    <property name="java.vm.vendor" value="Oracle Corporation"/>
    <property name="sun.arch.data.model" value="64"/>
    <property name="user.variant" value=""/>
    <property name="java.vendor.url" value="http://java.oracle.com/"/>
    <property name="user.timezone" value="Asia/Calcutta"/>
    <property name="java.vm.specification.version" value="11"/>
    <property name="os.name" value="Windows 10"/>
    <property name="sun.java.launcher" value="SUN_STANDARD"/>
    <property name="user.country" value="US"/>
    <property name="sun.boot.library.path" value="C:\Program Files\Java\jdk-11.0.5\bin"/>
    <property name="sun.java.command" value="C:\Users\goshriva\AppData\Local\Temp\surefire18158717929632846892\surefirebooter10140203306905241862.jar C:\Users\goshriva\AppData\Local\Temp\surefire18158717929632846892 2020-01-04T07-10-36_636-jvmRun1 surefire7110534934432895191tmp surefire_06240634488204817538tmp"/>
    <property name="jdk.debug" value="release"/>
    <property name="surefire.test.class.path" value="D:\Gourav\Personal\Automation\DemoProject\target\test-classes;D:\Gourav\Personal\Automation\DemoProject\target\classes;C:\Users\goshriva\.m2\repository\org\seleniumhq\selenium\selenium-server\3.14.0\selenium-server-3.14.0.jar;C:\Users\goshriva\.m2\repository\org\seleniumhq\selenium\selenium-java\3.14.0\selenium-java-3.14.0.jar;C:\Users\goshriva\.m2\repository\org\seleniumhq\selenium\selenium-api\3.14.0\selenium-api-3.14.0.jar;C:\Users\goshriva\.m2\repository\org\seleniumhq\selenium\selenium-chrome-driver\3.14.0\selenium-chrome-driver-3.14.0.jar;C:\Users\goshriva\.m2\repository\org\seleniumhq\selenium\selenium-edge-driver\3.14.0\selenium-edge-driver-3.14.0.jar;C:\Users\goshriva\.m2\repository\org\seleniumhq\selenium\selenium-firefox-driver\3.14.0\selenium-firefox-driver-3.14.0.jar;C:\Users\goshriva\.m2\repository\org\seleniumhq\selenium\selenium-ie-driver\3.14.0\selenium-ie-driver-3.14.0.jar;C:\Users\goshriva\.m2\repository\org\seleniumhq\selenium\selenium-opera-driver\3.14.0\selenium-opera-driver-3.14.0.jar;C:\Users\goshriva\.m2\repository\org\seleniumhq\selenium\selenium-remote-driver\3.14.0\selenium-remote-driver-3.14.0.jar;C:\Users\goshriva\.m2\repository\org\seleniumhq\selenium\selenium-safari-driver\3.14.0\selenium-safari-driver-3.14.0.jar;C:\Users\goshriva\.m2\repository\org\seleniumhq\selenium\selenium-support\3.14.0\selenium-support-3.14.0.jar;C:\Users\goshriva\.m2\repository\com\beust\jcommander\1.72\jcommander-1.72.jar;C:\Users\goshriva\.m2\repository\net\bytebuddy\byte-buddy\1.8.15\byte-buddy-1.8.15.jar;C:\Users\goshriva\.m2\repository\org\apache\commons\commons-exec\1.3\commons-exec-1.3.jar;C:\Users\goshriva\.m2\repository\org\apache\commons\commons-lang3\3.7\commons-lang3-3.7.jar;C:\Users\goshriva\.m2\repository\org\apache\commons\commons-text\1.1\commons-text-1.1.jar;C:\Users\goshriva\.m2\repository\commons-codec\commons-codec\1.10\commons-codec-1.10.jar;C:\Users\goshriva\.m2\repository\commons-io\commons-io\2.6\commons-io-2.6.jar;C:\Users\goshriva\.m2\repository\commons-logging\commons-logging\1.2\commons-logging-1.2.jar;C:\Users\goshriva\.m2\repository\commons-net\commons-net\3.6\commons-net-3.6.jar;C:\Users\goshriva\.m2\repository\com\google\guava\guava\25.0-jre\guava-25.0-jre.jar;C:\Users\goshriva\.m2\repository\com\google\code\findbugs\jsr305\1.3.9\jsr305-1.3.9.jar;C:\Users\goshriva\.m2\repository\org\checkerframework\checker-compat-qual\2.0.0\checker-compat-qual-2.0.0.jar;C:\Users\goshriva\.m2\repository\com\google\errorprone\error_prone_annotations\2.1.3\error_prone_annotations-2.1.3.jar;C:\Users\goshriva\.m2\repository\com\google\j2objc\j2objc-annotations\1.1\j2objc-annotations-1.1.jar;C:\Users\goshriva\.m2\repository\org\codehaus\mojo\animal-sniffer-annotations\1.14\animal-sniffer-annotations-1.14.jar;C:\Users\goshriva\.m2\repository\net\sourceforge\htmlunit\htmlunit\2.30\htmlunit-2.30.jar;C:\Users\goshriva\.m2\repository\net\sourceforge\htmlunit\htmlunit-core-js\2.28\htmlunit-core-js-2.28.jar;C:\Users\goshriva\.m2\repository\net\sourceforge\htmlunit\htmlunit-cssparser\1.0.0\htmlunit-cssparser-1.0.0.jar;C:\Users\goshriva\.m2\repository\net\sourceforge\htmlunit\neko-htmlunit\2.30\neko-htmlunit-2.30.jar;C:\Users\goshriva\.m2\repository\org\apache\httpcomponents\httpclient\4.5.5\httpclient-4.5.5.jar;C:\Users\goshriva\.m2\repository\org\apache\httpcomponents\httpcore\4.4.9\httpcore-4.4.9.jar;C:\Users\goshriva\.m2\repository\org\apache\httpcomponents\httpmime\4.5.5\httpmime-4.5.5.jar;C:\Users\goshriva\.m2\repository\net\jcip\jcip-annotations\1.0\jcip-annotations-1.0.jar;C:\Users\goshriva\.m2\repository\org\seleniumhq\selenium\jetty-repacked\9.4.8.v20180619\jetty-repacked-9.4.8.v20180619.jar;C:\Users\goshriva\.m2\repository\org\eclipse\jetty\jetty-client\9.4.8.v20180619\jetty-client-9.4.8.v20180619.jar;C:\Users\goshriva\.m2\repository\org\eclipse\jetty\jetty-http\9.4.8.v20180619\jetty-http-9.4.8.v20180619.jar;C:\Users\goshriva\.m2\repository\org\eclipse\jetty\jetty-io\9.4.8.v20180619\jetty-io-9.4.8.v20180619.jar;C:\Users\goshriva\.m2\repository\org\eclipse\jetty\jetty-util\9.4.8.v20180619\jetty-util-9.4.8.v20180619.jar;C:\Users\goshriva\.m2\repository\org\eclipse\jetty\jetty-xml\9.4.8.v20180619\jetty-xml-9.4.8.v20180619.jar;C:\Users\goshriva\.m2\repository\com\squareup\okhttp3\okhttp\3.10.0\okhttp-3.10.0.jar;C:\Users\goshriva\.m2\repository\com\squareup\okio\okio\1.14.1\okio-1.14.1.jar;C:\Users\goshriva\.m2\repository\org\seleniumhq\selenium\htmlunit-driver\2.30.0\htmlunit-driver-2.30.0.jar;C:\Users\goshriva\.m2\repository\javax\servlet\javax.servlet-api\3.1.0\javax.servlet-api-3.1.0.jar;C:\Users\goshriva\.m2\repository\org\eclipse\jetty\websocket\websocket-api\9.4.8.v20180619\websocket-api-9.4.8.v20180619.jar;C:\Users\goshriva\.m2\repository\org\eclipse\jetty\websocket\websocket-client\9.4.8.v20180619\websocket-client-9.4.8.v20180619.jar;C:\Users\goshriva\.m2\repository\org\eclipse\jetty\websocket\websocket-common\9.4.8.v20180619\websocket-common-9.4.8.v20180619.jar;C:\Users\goshriva\.m2\repository\xalan\serializer\2.7.2\serializer-2.7.2.jar;C:\Users\goshriva\.m2\repository\xalan\xalan\2.7.2\xalan-2.7.2.jar;C:\Users\goshriva\.m2\repository\xerces\xercesImpl\2.11.0\xercesImpl-2.11.0.jar;C:\Users\goshriva\.m2\repository\xml-apis\xml-apis\1.4.01\xml-apis-1.4.01.jar;C:\Users\goshriva\.m2\repository\org\yaml\snakeyaml\1.19\snakeyaml-1.19.jar;C:\Users\goshriva\.m2\repository\org\testng\testng\6.14.3\testng-6.14.3.jar;C:\Users\goshriva\.m2\repository\org\apache-extras\beanshell\bsh\2.0b6\bsh-2.0b6.jar;C:\Users\goshriva\.m2\repository\io\cucumber\cucumber-junit\5.0.0-RC4\cucumber-junit-5.0.0-RC4.jar;C:\Users\goshriva\.m2\repository\org\apiguardian\apiguardian-api\1.1.0\apiguardian-api-1.1.0.jar;C:\Users\goshriva\.m2\repository\junit\junit\4.12\junit-4.12.jar;C:\Users\goshriva\.m2\repository\org\hamcrest\hamcrest-core\1.3\hamcrest-core-1.3.jar;C:\Users\goshriva\.m2\repository\io\cucumber\cucumber-java\5.0.0-RC4\cucumber-java-5.0.0-RC4.jar;C:\Users\goshriva\.m2\repository\io\cucumber\cucumber-core\5.0.0-RC4\cucumber-core-5.0.0-RC4.jar;C:\Users\goshriva\.m2\repository\io\cucumber\cucumber-gherkin\5.0.0-RC4\cucumber-gherkin-5.0.0-RC4.jar;C:\Users\goshriva\.m2\repository\io\cucumber\cucumber-gherkin-vintage\5.0.0-RC4\cucumber-gherkin-vintage-5.0.0-RC4.jar;C:\Users\goshriva\.m2\repository\io\cucumber\tag-expressions\2.0.2\tag-expressions-2.0.2.jar;C:\Users\goshriva\.m2\repository\io\cucumber\cucumber-expressions\8.2.1\cucumber-expressions-8.2.1.jar;C:\Users\goshriva\.m2\repository\io\cucumber\datatable\3.1.0\datatable-3.1.0.jar;C:\Users\goshriva\.m2\repository\io\cucumber\cucumber-plugin\5.0.0-RC4\cucumber-plugin-5.0.0-RC4.jar;C:\Users\goshriva\.m2\repository\io\cucumber\docstring\5.0.0-RC4\docstring-5.0.0-RC4.jar;"/>
    <property name="sun.cpu.endian" value="little"/>
    <property name="user.home" value="C:\Users\goshriva"/>
    <property name="user.language" value="en"/>
    <property name="java.specification.vendor" value="Oracle Corporation"/>
    <property name="java.version.date" value="2019-10-15"/>
    <property name="java.home" value="C:\Program Files\Java\jdk-11.0.5"/>
    <property name="file.separator" value="\"/>
    <property name="basedir" value="D:\Gourav\Personal\Automation\DemoProject"/>
    <property name="java.vm.compressedOopsMode" value="Zero based"/>
    <property name="line.separator" value="&#10;"/>
    <property name="java.specification.name" value="Java Platform API Specification"/>
    <property name="java.vm.specification.vendor" value="Oracle Corporation"/>
    <property name="java.awt.graphicsenv" value="sun.awt.Win32GraphicsEnvironment"/>
    <property name="surefire.real.class.path" value="C:\Users\goshriva\AppData\Local\Temp\surefire18158717929632846892\surefirebooter10140203306905241862.jar"/>
    <property name="user.script" value=""/>
    <property name="sun.management.compiler" value="HotSpot 64-Bit Tiered Compilers"/>
    <property name="java.runtime.version" value="11.0.5+10-LTS"/>
    <property name="user.name" value="goshriva"/>
    <property name="path.separator" value=";"/>
    <property name="os.version" value="10.0"/>
    <property name="java.runtime.name" value="Java(TM) SE Runtime Environment"/>
    <property name="file.encoding" value="Cp1252"/>
    <property name="java.vm.name" value="Java HotSpot(TM) 64-Bit Server VM"/>
    <property name="java.vendor.version" value="18.9"/>
    <property name="localRepository" value="C:\Users\goshriva\.m2\repository"/>
    <property name="java.vendor.url.bug" value="http://bugreport.java.com/bugreport/"/>
    <property name="java.io.tmpdir" value="C:\Users\goshriva\AppData\Local\Temp\"/>
    <property name="java.version" value="11.0.5"/>
    <property name="user.dir" value="D:\Gourav\Personal\Automation\DemoProject"/>
    <property name="os.arch" value="amd64"/>
    <property name="java.vm.specification.name" value="Java Virtual Machine Specification"/>
    <property name="java.awt.printerjob" value="sun.awt.windows.WPrinterJob"/>
    <property name="sun.os.patch.level" value=""/>
    <property name="java.library.path" value="C:\Program Files\Java\jdk-11.0.5\bin;C:\windows\Sun\Java\bin;C:\windows\system32;C:\windows;C:\Program Files (x86)\Common Files\Oracle\Java\javapath;C:\windows\system32;C:\windows;C:\windows\System32\Wbem;C:\windows\System32\WindowsPowerShell\v1.0\;C:\windows\System32\OpenSSH\;C:\Program Files\Intel\WiFi\bin\;C:\Program Files\Common Files\Intel\WirelessCommon\;C:\Program Files\CrashPlan\jre\bin\server\;C:\Program Files\CrashPlan\jre\bin\;D:\Gourav\Software\apache-maven-3.6.3-bin\apache-maven-3.6.3\bin;C:\Users\goshriva\AppData\Local\Programs\Python\Python38-32\Scripts\;C:\Users\goshriva\AppData\Local\Programs\Python\Python38-32\;C:\Users\goshriva\AppData\Local\Microsoft\WindowsApps;;."/>
    <property name="java.vendor" value="Oracle Corporation"/>
    <property name="java.vm.info" value="mixed mode"/>
    <property name="java.vm.version" value="11.0.5+10-LTS"/>
    <property name="sun.io.unicode.encoding" value="UnicodeLittle"/>
    <property name="java.class.version" value="55.0"/>
  </properties>
  <testcase name="Create" classname="com.qa.test.testngclass" time="0.006"/>
  <testcase name="Login" classname="com.qa.test.testngclass" time="0.001"/>
  <testcase name="Logout" classname="com.qa.test.testngclass" time="0.001"/>
</testsuite>