<?xml version="1.0" encoding="UTF-8"?>
<!-- Generated by org.testng.reporters.JUnitReportReporter -->
<testsuite hostname="GOSHRIVA-IN" failures="0" tests="3" name="com.qa.test.testngclass" time="0.006" errors="0" timestamp="04 Jan 2020 01:40:38 GMT" skipped="0">
  <testcase classname="com.qa.test.testngclass" name="Login" time="0.000"/>
  <testcase classname="com.qa.test.testngclass" name="Create" time="0.005"/>
  <testcase classname="com.qa.test.testngclass" name="Logout" time="0.001"/>
</testsuite> <!-- com.qa.test.testngclass -->
